Log file open, 09/24/19 12:10:39
LogWindows: Failed to load 'aqProf.dll' (GetLastError=126)
LogWindows: File 'aqProf.dll' does not exist
LogWindows: Failed to load 'VtuneApi.dll' (GetLastError=126)
LogWindows: File 'VtuneApi.dll' does not exist
LogWindows: Failed to load 'VtuneApi32e.dll' (GetLastError=126)
LogWindows: File 'VtuneApi32e.dll' does not exist
LogConsoleResponse: Display: Failed to find resolution value strings in scalability ini. Falling back to default.
LogInit: Display: Running engine for game: Sankey_PWB
LogPakFile: Registered encryption key '00000000000000000000000000000000': 0 pak files mounted, 0 remain pending
LogPlatformFile: Not using cached read wrapper
LogTaskGraph: Started task graph with 5 named threads and 47 total threads with 3 sets of task threads.
LogStats: Stats thread started at 0.532536
LogD3D11RHI: Loaded GFSDK_Aftermath_Lib.x64.dll
LogICUInternationalization: ICU TimeZone Detection - Raw Offset: -5:00, Platform Override: ''
LogPluginManager: Mounting plugin Paper2D
LogPluginManager: Mounting plugin AISupport
LogPluginManager: Mounting plugin LightPropagationVolume
LogPluginManager: Mounting plugin ActorLayerUtilities
LogPluginManager: Mounting plugin AnimationSharing
LogPluginManager: Mounting plugin CLionSourceCodeAccess
LogPluginManager: Mounting plugin CodeLiteSourceCodeAccess
LogPluginManager: Mounting plugin GitSourceControl
LogPluginManager: Mounting plugin KDevelopSourceCodeAccess
LogPluginManager: Mounting plugin NullSourceCodeAccess
LogPluginManager: Mounting plugin PerforceSourceControl
LogPluginManager: Mounting plugin SubversionSourceControl
LogPluginManager: Mounting plugin UObjectPlugin
LogPluginManager: Mounting plugin VisualStudioCodeSourceCodeAccess
LogPluginManager: Mounting plugin VisualStudioSourceCodeAccess
LogPluginManager: Mounting plugin XCodeSourceCodeAccess
LogPluginManager: Mounting plugin AssetManagerEditor
LogPluginManager: Mounting plugin CryptoKeys
LogPluginManager: Mounting plugin DataValidation
LogPluginManager: Mounting plugin EditorScriptingUtilities
LogPluginManager: Mounting plugin FacialAnimation
LogPluginManager: Mounting plugin GameplayTagsEditor
LogPluginManager: Mounting plugin GLTFImporter
LogPluginManager: Mounting plugin MacGraphicsSwitching
LogPluginManager: Mounting plugin MaterialAnalyzer
LogPluginManager: Mounting plugin MeshEditor
LogPluginManager: Mounting plugin MobileLauncherProfileWizard
LogPluginManager: Mounting plugin PluginBrowser
LogPluginManager: Mounting plugin SpeedTreeImporter
LogPluginManager: Mounting plugin DatasmithContent
LogPluginManager: Mounting plugin VariantManagerContent
LogPluginManager: Mounting plugin AlembicImporter
LogPluginManager: Mounting plugin AppleImageUtils
LogPluginManager: Mounting plugin AppleVision
LogPluginManager: Mounting plugin BackChannel
LogPluginManager: Mounting plugin BlastPlugin
LogPluginManager: Mounting plugin ChaosSolverPlugin
LogPluginManager: Mounting plugin CharacterAI
LogPluginManager: Mounting plugin GeometryCache
LogPluginManager: Mounting plugin GeometryCollectionPlugin
LogPluginManager: Mounting plugin HTML5Networking
LogPluginManager: Mounting plugin ProxyLODPlugin
LogPluginManager: Mounting plugin SkeletalReduction
LogPluginManager: Mounting plugin MagicLeap
LogPluginManager: Mounting plugin MagicLeapMedia
LogPluginManager: Mounting plugin AndroidMedia
LogPluginManager: Mounting plugin AvfMedia
LogPluginManager: Mounting plugin ImgMedia
LogPluginManager: Mounting plugin LinearTimecode
LogPluginManager: Mounting plugin MediaCompositing
LogPluginManager: Mounting plugin MediaPlayerEditor
LogPluginManager: Mounting plugin WebMMedia
LogPluginManager: Mounting plugin WmfMedia
LogPluginManager: Mounting plugin TcpMessaging
LogPluginManager: Mounting plugin UdpMessaging
LogPluginManager: Mounting plugin ActorSequence
LogPluginManager: Mounting plugin LevelSequenceEditor
LogPluginManager: Mounting plugin MatineeToLevelSequence
LogPluginManager: Mounting plugin NetcodeUnitTest
LogPluginManager: Mounting plugin NUTUnrealEngine4
LogPluginManager: Mounting plugin OnlineSubsystemGooglePlay
LogPluginManager: Mounting plugin OnlineSubsystemIOS
LogPluginManager: Mounting plugin OnlineSubsystem
LogPluginManager: Mounting plugin OnlineSubsystemNull
LogPluginManager: Mounting plugin OnlineSubsystemUtils
LogPluginManager: Mounting plugin LauncherChunkInstaller
LogPluginManager: Mounting plugin AndroidDeviceProfileSelector
LogPluginManager: Mounting plugin AndroidMoviePlayer
LogPluginManager: Mounting plugin AndroidPermission
LogPluginManager: Mounting plugin AppleMoviePlayer
LogPluginManager: Mounting plugin ArchVisCharacter
LogPluginManager: Mounting plugin AudioCapture
LogPluginManager: Mounting plugin CableComponent
LogPluginManager: Mounting plugin CustomMeshComponent
LogPluginManager: Mounting plugin EditableMesh
LogPluginManager: Mounting plugin ExampleDeviceProfileSelector
LogPluginManager: Mounting plugin Firebase
LogPluginManager: Mounting plugin GoogleCloudMessaging
LogPluginManager: Mounting plugin IOSDeviceProfileSelector
LogPluginManager: Mounting plugin LinuxDeviceProfileSelector
LogPluginManager: Mounting plugin LocationServicesBPLibrary
LogPluginManager: Mounting plugin MobilePatchingUtils
LogPluginManager: Mounting plugin OculusVR
LogPluginManager: Mounting plugin PhysXVehicles
LogPluginManager: Mounting plugin ProceduralMeshComponent
LogPluginManager: Mounting plugin RuntimePhysXCooking
LogPluginManager: Mounting plugin SignificanceManager
LogPluginManager: Mounting plugin SteamVR
LogPluginManager: Mounting plugin WebMMoviePlayer
LogPluginManager: Mounting plugin WindowsMoviePlayer
LogPluginManager: Mounting plugin DatasmithCADImporter
LogPluginManager: Mounting plugin DatasmithDataPrepEditor
LogPluginManager: Mounting plugin DatasmithFBXImporter
LogPluginManager: Mounting plugin DatasmithGLTFImporter
LogPluginManager: Mounting plugin DatasmithImporter
LogPluginManager: Mounting plugin MDLImporter
LogPluginManager: Mounting plugin StaticMeshEditorExtension
LogPluginManager: Mounting plugin VariantManager
LogInit: Using libcurl 7.55.1-DEV
LogInit:  - built for x86_64-pc-win32
LogInit:  - supports SSL with OpenSSL/1.1.1
LogInit:  - supports HTTP deflate (compression) using libz 1.2.8
LogInit:  - other features:
LogInit:      CURL_VERSION_SSL
LogInit:      CURL_VERSION_LIBZ
LogInit:      CURL_VERSION_IPV6
LogInit:      CURL_VERSION_ASYNCHDNS
LogInit:      CURL_VERSION_LARGEFILE
LogInit:      CURL_VERSION_IDN
LogInit:  CurlRequestOptions (configurable via config and command line):
LogInit:  - bVerifyPeer = true  - Libcurl will verify peer certificate
LogInit:  - bUseHttpProxy = false  - Libcurl will NOT use HTTP proxy
LogInit:  - bDontReuseConnections = false  - Libcurl will reuse connections
LogInit:  - MaxHostConnections = 16  - Libcurl will limit the number of connections to a host
LogInit:  - LocalHostAddr = Default
LogInit:  - BufferSize = 65536
LogInit: WinSock: version 1.1 (2.2), MaxSocks=32767, MaxUdp=65467
LogInit: Build: ++UE4+Release-4.22-CL-7053642
LogInit: Engine Version: 4.22.3-7053642+++UE4+Release-4.22
LogInit: Compatible Engine Version: 4.22.0-5660361+++UE4+Release-4.22
LogInit: Net CL: 5660361
LogInit: OS: Windows 10 (Release 1809) (), CPU: Intel(R) Core(TM) i9-9900K CPU @ 3.60GHz, GPU: NVIDIA GeForce RTX 2080
LogInit: Compiled (64-bit): Jun 18 2019 03:09:11
LogInit: Compiled with Visual C++: 19.16.27025.01
LogInit: Build Configuration: Development
LogInit: Branch Name: ++UE4+Release-4.22
LogInit: Command Line: 
LogInit: Base Directory: C:/Program Files/Epic Games/UE_4.22/Engine/Binaries/Win64/
LogInit: Installed Engine Build: 1
LogDevObjectVersion: Number of dev versions registered: 23
LogDevObjectVersion:   Dev-Blueprints (B0D832E4-1F89-4F0D-ACCF-7EB736FD4AA2): 10
LogDevObjectVersion:   Dev-Build (E1C64328-A22C-4D53-A36C-8E866417BD8C): 0
LogDevObjectVersion:   Dev-Core (375EC13C-06E4-48FB-B500-84F0262A717E): 3
LogDevObjectVersion:   Dev-Editor (E4B068ED-F494-42E9-A231-DA0B2E46BB41): 30
LogDevObjectVersion:   Dev-Framework (CFFC743F-43B0-4480-9391-14DF171D2073): 35
LogDevObjectVersion:   Dev-Mobile (B02B49B5-BB20-44E9-A304-32B752E40360): 2
LogDevObjectVersion:   Dev-Networking (A4E4105C-59A1-49B5-A7C5-40C4547EDFEE): 0
LogDevObjectVersion:   Dev-Online (39C831C9-5AE6-47DC-9A44-9C173E1C8E7C): 0
LogDevObjectVersion:   Dev-Physics (78F01B33-EBEA-4F98-B9B4-84EACCB95AA2): 0
LogDevObjectVersion:   Dev-Platform (6631380F-2D4D-43E0-8009-CF276956A95A): 0
LogDevObjectVersion:   Dev-Rendering (12F88B9F-8875-4AFC-A67C-D90C383ABD29): 28
LogDevObjectVersion:   Dev-Sequencer (7B5AE74C-D270-4C10-A958-57980B212A5A): 11
LogDevObjectVersion:   Dev-VR (D7296918-1DD6-4BDD-9DE2-64A83CC13884): 2
LogDevObjectVersion:   Dev-LoadTimes (C2A15278-BFE7-4AFE-6C17-90FF531DF755): 1
LogDevObjectVersion:   Private-Geometry (6EACA3D4-40EC-4CC1-B786-8BED09428FC5): 3
LogDevObjectVersion:   Dev-AnimPhys (29E575DD-E0A3-4627-9D10-D276232CDCEA): 17
LogDevObjectVersion:   Dev-Anim (AF43A65D-7FD3-4947-9873-3E8ED9C1BB05): 2
LogDevObjectVersion:   Dev-ReflectionCapture (6B266CEC-1EC7-4B8F-A30B-E4D90942FC07): 1
LogDevObjectVersion:   Dev-Automation (0DF73D61-A23F-47EA-B727-89E90C41499A): 1
LogDevObjectVersion:   FortniteMain (601D1886-AC64-4F84-AA16-D3DE0DEAC7D6): 25
LogDevObjectVersion:   Dev-Enterprise (9DFFBCD6-494F-0158-E221-12823C92A888): 6
LogDevObjectVersion:   Dev-Niagara (F2AED0AC-9AFE-416F-8664-AA7FFA26D6FC): 1
LogDevObjectVersion:   Dev-Destruction (174F1F0B-B4C6-45A5-B13F-2EE8D0FB917D): 2
LogInit: Presizing for max 16777216 objects, including 0 objects not considered by GC, pre-allocating 0 bytes for permanent pool.
LogInit: Object subsystem initialized
LogConfig: Setting CVar [[con.DebugEarlyDefault:1]]
LogConfig: Setting CVar [[r.setres:1280x720]]
[2019.09.24-16.10.39:607][  0]LogConfig: Setting CVar [[r.VSync:0]]
[2019.09.24-16.10.39:607][  0]LogConfig: Setting CVar [[r.RHICmdBypass:0]]
[2019.09.24-16.10.39:607][  0]LogConfig: Applying CVar settings from Section [/Script/Engine.RendererSettings] File [C:/Users/ma226386/Documents/3727/Platformer/Sankey_PWB/Saved/Config/Windows/Engine.ini]
[2019.09.24-16.10.39:607][  0]LogConfig: Setting CVar [[r.GPUCrashDebugging:0]]
[2019.09.24-16.10.39:608][  0]LogConfig: Applying CVar settings from Section [/Script/Engine.RendererOverrideSettings] File [C:/Users/ma226386/Documents/3727/Platformer/Sankey_PWB/Saved/Config/Windows/Engine.ini]
[2019.09.24-16.10.39:608][  0]LogConfig: Applying CVar settings from Section [/Script/Engine.StreamingSettings] File [C:/Users/ma226386/Documents/3727/Platformer/Sankey_PWB/Saved/Config/Windows/Engine.ini]
[2019.09.24-16.10.39:608][  0]LogConfig: Setting CVar [[s.MinBulkDataSizeForAsyncLoading:131072]]
[2019.09.24-16.10.39:608][  0]LogConfig: Setting CVar [[s.AsyncLoadingThreadEnabled:0]]
[2019.09.24-16.10.39:608][  0]LogConfig: Setting CVar [[s.EventDrivenLoaderEnabled:1]]
[2019.09.24-16.10.39:608][  0]LogConfig: Setting CVar [[s.WarnIfTimeLimitExceeded:0]]
[2019.09.24-16.10.39:608][  0]LogConfig: Setting CVar [[s.TimeLimitExceededMultiplier:1.5]]
[2019.09.24-16.10.39:608][  0]LogConfig: Setting CVar [[s.TimeLimitExceededMinTime:0.005]]
[2019.09.24-16.10.39:608][  0]LogConfig: Setting CVar [[s.UseBackgroundLevelStreaming:1]]
[2019.09.24-16.10.39:608][  0]LogConfig: Setting CVar [[s.PriorityAsyncLoadingExtraTime:15.0]]
[2019.09.24-16.10.39:608][  0]LogConfig: Setting CVar [[s.LevelStreamingActorsUpdateTimeLimit:5.0]]
[2019.09.24-16.10.39:608][  0]LogConfig: Setting CVar [[s.PriorityLevelStreamingActorsUpdateExtraTime:5.0]]
[2019.09.24-16.10.39:608][  0]LogConfig: Setting CVar [[s.LevelStreamingComponentsRegistrationGranularity:10]]
[2019.09.24-16.10.39:608][  0]LogConfig: Setting CVar [[s.UnregisterComponentsTimeLimit:1.0]]
[2019.09.24-16.10.39:608][  0]LogConfig: Setting CVar [[s.LevelStreamingComponentsUnregistrationGranularity:5]]
[2019.09.24-16.10.39:608][  0]LogConfig: Applying CVar settings from Section [/Script/Engine.GarbageCollectionSettings] File [C:/Users/ma226386/Documents/3727/Platformer/Sankey_PWB/Saved/Config/Windows/Engine.ini]
[2019.09.24-16.10.39:608][  0]LogConfig: Setting CVar [[gc.MaxObjectsNotConsideredByGC:1]]
[2019.09.24-16.10.39:608][  0]LogConfig: Setting CVar [[gc.SizeOfPermanentObjectPool:0]]
[2019.09.24-16.10.39:608][  0]LogConfig: Setting CVar [[gc.FlushStreamingOnGC:0]]
[2019.09.24-16.10.39:608][  0]LogConfig: Setting CVar [[gc.NumRetriesBeforeForcingGC:10]]
[2019.09.24-16.10.39:608][  0]LogConfig: Setting CVar [[gc.AllowParallelGC:1]]
[2019.09.24-16.10.39:608][  0]LogConfig: Setting CVar [[gc.TimeBetweenPurgingPendingKillObjects:61.1]]
[2019.09.24-16.10.39:608][  0]LogConfig: Setting CVar [[gc.MaxObjectsInEditor:16777216]]
[2019.09.24-16.10.39:608][  0]LogConfig: Setting CVar [[gc.IncrementalBeginDestroyEnabled:1]]
[2019.09.24-16.10.39:608][  0]LogConfig: Setting CVar [[gc.CreateGCClusters:1]]
[2019.09.24-16.10.39:608][  0]LogConfig: Setting CVar [[gc.MinGCClusterSize:5]]
[2019.09.24-16.10.39:608][  0]LogConfig: Setting CVar [[gc.ActorClusteringEnabled:0]]
[2019.09.24-16.10.39:608][  0]LogConfig: Setting CVar [[gc.BlueprintClusteringEnabled:0]]
[2019.09.24-16.10.39:608][  0]LogConfig: Setting CVar [[gc.UseDisregardForGCOnDedicatedServers:0]]
[2019.09.24-16.10.39:608][  0]LogConfig: Applying CVar settings from Section [/Script/Engine.NetworkSettings] File [C:/Users/ma226386/Documents/3727/Platformer/Sankey_PWB/Saved/Config/Windows/Engine.ini]
[2019.09.24-16.10.39:608][  0]LogConfig: Applying CVar settings from Section [/Script/UnrealEd.CookerSettings] File [C:/Users/ma226386/Documents/3727/Platformer/Sankey_PWB/Saved/Config/Windows/Engine.ini]
[2019.09.24-16.10.39:612][  0]LogConfig: Applying CVar settings from Section [ViewDistanceQuality@3] File [C:/Users/ma226386/Documents/3727/Platformer/Sankey_PWB/Saved/Config/Windows/Scalability.ini]
[2019.09.24-16.10.39:612][  0]LogConfig: Setting CVar [[r.SkeletalMeshLODBias:0]]
[2019.09.24-16.10.39:612][  0]LogConfig: Setting CVar [[r.ViewDistanceScale:1.0]]
[2019.09.24-16.10.39:612][  0]LogConfig: Applying CVar settings from Section [AntiAliasingQuality@3] File [C:/Users/ma226386/Documents/3727/Platformer/Sankey_PWB/Saved/Config/Windows/Scalability.ini]
[2019.09.24-16.10.39:613][  0]LogConfig: Setting CVar [[r.PostProcessAAQuality:4]]
[2019.09.24-16.10.39:613][  0]LogConfig: Applying CVar settings from Section [ShadowQuality@3] File [C:/Users/ma226386/Documents/3727/Platformer/Sankey_PWB/Saved/Config/Windows/Scalability.ini]
[2019.09.24-16.10.39:613][  0]LogConfig: Setting CVar [[r.LightFunctionQuality:1]]
[2019.09.24-16.10.39:613][  0]LogConfig: Setting CVar [[r.ShadowQuality:5]]
[2019.09.24-16.10.39:613][  0]LogConfig: Setting CVar [[r.Shadow.CSM.MaxCascades:10]]
[2019.09.24-16.10.39:613][  0]LogConfig: Setting CVar [[r.Shadow.MaxResolution:2048]]
[2019.09.24-16.10.39:613][  0]LogConfig: Setting CVar [[r.Shadow.MaxCSMResolution:2048]]
[2019.09.24-16.10.39:613][  0]LogConfig: Setting CVar [[r.Shadow.RadiusThreshold:0.01]]
[2019.09.24-16.10.39:613][  0]LogConfig: Setting CVar [[r.Shadow.DistanceScale:1.0]]
[2019.09.24-16.10.39:613][  0]LogConfig: Setting CVar [[r.Shadow.CSM.TransitionScale:1.0]]
[2019.09.24-16.10.39:613][  0]LogConfig: Setting CVar [[r.Shadow.PreShadowResolutionFactor:1.0]]
[2019.09.24-16.10.39:613][  0]LogConfig: Setting CVar [[r.DistanceFieldShadowing:1]]
[2019.09.24-16.10.39:613][  0]LogConfig: Setting CVar [[r.DistanceFieldAO:1]]
[2019.09.24-16.10.39:613][  0]LogConfig: Setting CVar [[r.AOQuality:2]]
[2019.09.24-16.10.39:613][  0]LogConfig: Setting CVar [[r.VolumetricFog:1]]
[2019.09.24-16.10.39:613][  0]LogConfig: Setting CVar [[r.VolumetricFog.GridPixelSize:8]]
[2019.09.24-16.10.39:613][  0]LogConfig: Setting CVar [[r.VolumetricFog.GridSizeZ:128]]
[2019.09.24-16.10.39:613][  0]LogConfig: Setting CVar [[r.VolumetricFog.HistoryMissSupersampleCount:4]]
[2019.09.24-16.10.39:613][  0]LogConfig: Setting CVar [[r.LightMaxDrawDistanceScale:1]]
[2019.09.24-16.10.39:613][  0]LogConfig: Setting CVar [[r.CapsuleShadows:1]]
[2019.09.24-16.10.39:613][  0]LogConfig: Applying CVar settings from Section [PostProcessQuality@3] File [C:/Users/ma226386/Documents/3727/Platformer/Sankey_PWB/Saved/Config/Windows/Scalability.ini]
[2019.09.24-16.10.39:613][  0]LogConfig: Setting CVar [[r.MotionBlurQuality:4]]
[2019.09.24-16.10.39:614][  0]LogConfig: Setting CVar [[r.AmbientOcclusionMipLevelFactor:0.4]]
[2019.09.24-16.10.39:614][  0]LogConfig: Setting CVar [[r.AmbientOcclusionMaxQuality:100]]
[2019.09.24-16.10.39:614][  0]LogConfig: Setting CVar [[r.AmbientOcclusionLevels:-1]]
[2019.09.24-16.10.39:614][  0]LogConfig: Setting CVar [[r.AmbientOcclusionRadiusScale:1.0]]
[2019.09.24-16.10.39:614][  0]LogConfig: Setting CVar [[r.DepthOfFieldQuality:2]]
[2019.09.24-16.10.39:614][  0]LogConfig: Setting CVar [[r.RenderTargetPoolMin:400]]
[2019.09.24-16.10.39:614][  0]LogConfig: Setting CVar [[r.LensFlareQuality:2]]
[2019.09.24-16.10.39:614][  0]LogConfig: Setting CVar [[r.SceneColorFringeQuality:1]]
[2019.09.24-16.10.39:614][  0]LogConfig: Setting CVar [[r.EyeAdaptationQuality:2]]
[2019.09.24-16.10.39:614][  0]LogConfig: Setting CVar [[r.BloomQuality:5]]
[2019.09.24-16.10.39:614][  0]LogConfig: Setting CVar [[r.FastBlurThreshold:100]]
[2019.09.24-16.10.39:614][  0]LogConfig: Setting CVar [[r.Upscale.Quality:3]]
[2019.09.24-16.10.39:614][  0]LogConfig: Setting CVar [[r.Tonemapper.GrainQuantization:1]]
[2019.09.24-16.10.39:614][  0]LogConfig: Setting CVar [[r.LightShaftQuality:1]]
[2019.09.24-16.10.39:614][  0]LogConfig: Setting CVar [[r.Filter.SizeScale:1]]
[2019.09.24-16.10.39:614][  0]LogConfig: Setting CVar [[r.Tonemapper.Quality:5]]
[2019.09.24-16.10.39:614][  0]LogConfig: Setting CVar [[r.DOF.Gather.AccumulatorQuality:1        ; higher gathering accumulator quality]]
[2019.09.24-16.10.39:614][  0]LogConfig: Setting CVar [[r.DOF.Gather.PostfilterMethod:1          ; Median3x3 postfilering method]]
[2019.09.24-16.10.39:614][  0]LogConfig: Setting CVar [[r.DOF.Gather.EnableBokehSettings:0       ; no bokeh simulation when gathering]]
[2019.09.24-16.10.39:614][  0]LogConfig: Setting CVar [[r.DOF.Gather.RingCount:4                 ; medium number of samples when gathering]]
[2019.09.24-16.10.39:614][  0]LogConfig: Setting CVar [[r.DOF.Scatter.ForegroundCompositing:1    ; additive foreground scattering]]
[2019.09.24-16.10.39:614][  0]LogConfig: Setting CVar [[r.DOF.Scatter.BackgroundCompositing:2    ; additive background scattering]]
[2019.09.24-16.10.39:614][  0]LogConfig: Setting CVar [[r.DOF.Scatter.EnableBokehSettings:1      ; bokeh simulation when scattering]]
[2019.09.24-16.10.39:614][  0]LogConfig: Setting CVar [[r.DOF.Scatter.MaxSpriteRatio:0.1         ; only a maximum of 10% of scattered bokeh]]
[2019.09.24-16.10.39:614][  0]LogConfig: Setting CVar [[r.DOF.Recombine.Quality:1                ; cheap slight out of focus]]
[2019.09.24-16.10.39:614][  0]LogConfig: Setting CVar [[r.DOF.Recombine.EnableBokehSettings:0    ; no bokeh simulation on slight out of focus]]
[2019.09.24-16.10.39:614][  0]LogConfig: Setting CVar [[r.DOF.TemporalAAQuality:1                ; more stable temporal accumulation]]
[2019.09.24-16.10.39:614][  0]LogConfig: Setting CVar [[r.DOF.Kernel.MaxForegroundRadius:0.025]]
[2019.09.24-16.10.39:614][  0]LogConfig: Setting CVar [[r.DOF.Kernel.MaxBackgroundRadius:0.025]]
[2019.09.24-16.10.39:614][  0]LogConfig: Applying CVar settings from Section [TextureQuality@3] File [C:/Users/ma226386/Documents/3727/Platformer/Sankey_PWB/Saved/Config/Windows/Scalability.ini]
[2019.09.24-16.10.39:614][  0]LogConfig: Setting CVar [[r.Streaming.MipBias:0]]
[2019.09.24-16.10.39:614][  0]LogConfig: Setting CVar [[r.Streaming.AmortizeCPUToGPUCopy:0]]
[2019.09.24-16.10.39:614][  0]LogConfig: Setting CVar [[r.Streaming.MaxNumTexturesToStreamPerFrame:0]]
[2019.09.24-16.10.39:614][  0]LogConfig: Setting CVar [[r.Streaming.Boost:1]]
[2019.09.24-16.10.39:614][  0]LogConfig: Setting CVar [[r.MaxAnisotropy:8]]
[2019.09.24-16.10.39:614][  0]LogConfig: Setting CVar [[r.Streaming.LimitPoolSizeToVRAM:0]]
[2019.09.24-16.10.39:614][  0]LogConfig: Setting CVar [[r.Streaming.PoolSize:1000]]
[2019.09.24-16.10.39:614][  0]LogConfig: Setting CVar [[r.Streaming.MaxEffectiveScreenSize:0]]
[2019.09.24-16.10.39:614][  0]LogConfig: Applying CVar settings from Section [EffectsQuality@3] File [C:/Users/ma226386/Documents/3727/Platformer/Sankey_PWB/Saved/Config/Windows/Scalability.ini]
[2019.09.24-16.10.39:614][  0]LogConfig: Setting CVar [[r.TranslucencyLightingVolumeDim:64]]
[2019.09.24-16.10.39:614][  0]LogConfig: Setting CVar [[r.RefractionQuality:2]]
[2019.09.24-16.10.39:614][  0]LogConfig: Setting CVar [[r.SSR.Quality:3]]
[2019.09.24-16.10.39:614][  0]LogConfig: Setting CVar [[r.SceneColorFormat:4]]
[2019.09.24-16.10.39:614][  0]LogConfig: Setting CVar [[r.DetailMode:2]]
[2019.09.24-16.10.39:614][  0]LogConfig: Setting CVar [[r.TranslucencyVolumeBlur:1]]
[2019.09.24-16.10.39:614][  0]LogConfig: Setting CVar [[r.MaterialQualityLevel:1 ; High quality]]
[2019.09.24-16.10.39:614][  0]LogConfig: Setting CVar [[r.SSS.Scale:1]]
[2019.09.24-16.10.39:614][  0]LogConfig: Setting CVar [[r.SSS.SampleSet:2]]
[2019.09.24-16.10.39:614][  0]LogConfig: Setting CVar [[r.SSS.Quality:1]]
[2019.09.24-16.10.39:614][  0]LogConfig: Setting CVar [[r.SSS.HalfRes:1]]
[2019.09.24-16.10.39:614][  0]LogConfig: Setting CVar [[r.EmitterSpawnRateScale:1.0]]
[2019.09.24-16.10.39:614][  0]LogConfig: Setting CVar [[r.ParticleLightQuality:2]]
[2019.09.24-16.10.39:614][  0]LogConfig: Applying CVar settings from Section [FoliageQuality@3] File [C:/Users/ma226386/Documents/3727/Platformer/Sankey_PWB/Saved/Config/Windows/Scalability.ini]
[2019.09.24-16.10.39:614][  0]LogConfig: Setting CVar [[foliage.DensityScale:1.0]]
[2019.09.24-16.10.39:614][  0]LogConfig: Setting CVar [[grass.DensityScale:1.0]]
[2019.09.24-16.10.39:614][  0]LogInit: Selected Device Profile: [Windows]
[2019.09.24-16.10.39:614][  0]LogInit: Applying CVar settings loaded from the selected device profile: [Windows]
[2019.09.24-16.10.39:625][  0]LogHAL: Display: Platform has ~ 32 GB [34169487360 / 34359738368 / 32], which maps to Largest [LargestMinGB=32, LargerMinGB=12, DefaultMinGB=8, SmallerMinGB=6, SmallestMinGB=0)
[2019.09.24-16.10.39:625][  0]LogConfig: Setting CVar [[r.Vulkan.UseRealUBs:0		; Required until we fix HLR fall-out]]
[2019.09.24-16.10.39:625][  0]LogInit: Going up to parent DeviceProfile []
[2019.09.24-16.10.39:625][  0]LogConfig: Applying CVar settings from Section [ViewDistanceQuality@3] File [C:/Users/ma226386/Documents/3727/Platformer/Sankey_PWB/Saved/Config/Windows/Scalability.ini]
[2019.09.24-16.10.39:625][  0]LogConfig: Setting CVar [[r.SkeletalMeshLODBias:0]]
[2019.09.24-16.10.39:625][  0]LogConfig: Setting CVar [[r.ViewDistanceScale:1.0]]
[2019.09.24-16.10.39:625][  0]LogConfig: Applying CVar settings from Section [AntiAliasingQuality@3] File [C:/Users/ma226386/Documents/3727/Platformer/Sankey_PWB/Saved/Config/Windows/Scalability.ini]
[2019.09.24-16.10.39:625][  0]LogConfig: Setting CVar [[r.PostProcessAAQuality:4]]
[2019.09.24-16.10.39:625][  0]LogConfig: Applying CVar settings from Section [ShadowQuality@3] File [C:/Users/ma226386/Documents/3727/Platformer/Sankey_PWB/Saved/Config/Windows/Scalability.ini]
[2019.09.24-16.10.39:625][  0]LogConfig: Setting CVar [[r.LightFunctionQuality:1]]
[2019.09.24-16.10.39:625][  0]LogConfig: Setting CVar [[r.ShadowQuality:5]]
[2019.09.24-16.10.39:625][  0]LogConfig: Setting CVar [[r.Shadow.CSM.MaxCascades:10]]
[2019.09.24-16.10.39:625][  0]LogConfig: Setting CVar [[r.Shadow.MaxResolution:2048]]
[2019.09.24-16.10.39:625][  0]LogConfig: Setting CVar [[r.Shadow.MaxCSMResolution:2048]]
[2019.09.24-16.10.39:625][  0]LogConfig: Setting CVar [[r.Shadow.RadiusThreshold:0.01]]
[2019.09.24-16.10.39:625][  0]LogConfig: Setting CVar [[r.Shadow.DistanceScale:1.0]]
[2019.09.24-16.10.39:625][  0]LogConfig: Setting CVar [[r.Shadow.CSM.TransitionScale:1.0]]
[2019.09.24-16.10.39:625][  0]LogConfig: Setting CVar [[r.Shadow.PreShadowResolutionFactor:1.0]]
[2019.09.24-16.10.39:625][  0]LogConfig: Setting CVar [[r.DistanceFieldShadowing:1]]
[2019.09.24-16.10.39:625][  0]LogConfig: Setting CVar [[r.DistanceFieldAO:1]]
[2019.09.24-16.10.39:625][  0]LogConfig: Setting CVar [[r.AOQuality:2]]
[2019.09.24-16.10.39:625][  0]LogConfig: Setting CVar [[r.VolumetricFog:1]]
[2019.09.24-16.10.39:625][  0]LogConfig: Setting CVar [[r.VolumetricFog.GridPixelSize:8]]
[2019.09.24-16.10.39:625][  0]LogConfig: Setting CVar [[r.VolumetricFog.GridSizeZ:128]]
[2019.09.24-16.10.39:625][  0]LogConfig: Setting CVar [[r.VolumetricFog.HistoryMissSupersampleCount:4]]
[2019.09.24-16.10.39:625][  0]LogConfig: Setting CVar [[r.LightMaxDrawDistanceScale:1]]
[2019.09.24-16.10.39:625][  0]LogConfig: Setting CVar [[r.CapsuleShadows:1]]
[2019.09.24-16.10.39:625][  0]LogConfig: Applying CVar settings from Section [PostProcessQuality@3] File [C:/Users/ma226386/Documents/3727/Platformer/Sankey_PWB/Saved/Config/Windows/Scalability.ini]
[2019.09.24-16.10.39:625][  0]LogConfig: Setting CVar [[r.MotionBlurQuality:4]]
[2019.09.24-16.10.39:625][  0]LogConfig: Setting CVar [[r.AmbientOcclusionMipLevelFactor:0.4]]
[2019.09.24-16.10.39:625][  0]LogConfig: Setting CVar [[r.AmbientOcclusionMaxQuality:100]]
[2019.09.24-16.10.39:625][  0]LogConfig: Setting CVar [[r.AmbientOcclusionLevels:-1]]
[2019.09.24-16.10.39:625][  0]LogConfig: Setting CVar [[r.AmbientOcclusionRadiusScale:1.0]]
[2019.09.24-16.10.39:625][  0]LogConfig: Setting CVar [[r.DepthOfFieldQuality:2]]
[2019.09.24-16.10.39:626][  0]LogConfig: Setting CVar [[r.RenderTargetPoolMin:400]]
[2019.09.24-16.10.39:626][  0]LogConfig: Setting CVar [[r.LensFlareQuality:2]]
[2019.09.24-16.10.39:626][  0]LogConfig: Setting CVar [[r.SceneColorFringeQuality:1]]
[2019.09.24-16.10.39:626][  0]LogConfig: Setting CVar [[r.EyeAdaptationQuality:2]]
[2019.09.24-16.10.39:626][  0]LogConfig: Setting CVar [[r.BloomQuality:5]]
[2019.09.24-16.10.39:626][  0]LogConfig: Setting CVar [[r.FastBlurThreshold:100]]
[2019.09.24-16.10.39:626][  0]LogConfig: Setting CVar [[r.Upscale.Quality:3]]
[2019.09.24-16.10.39:626][  0]LogConfig: Setting CVar [[r.Tonemapper.GrainQuantization:1]]
[2019.09.24-16.10.39:626][  0]LogConfig: Setting CVar [[r.LightShaftQuality:1]]
[2019.09.24-16.10.39:626][  0]LogConfig: Setting CVar [[r.Filter.SizeScale:1]]
[2019.09.24-16.10.39:626][  0]LogConfig: Setting CVar [[r.Tonemapper.Quality:5]]
[2019.09.24-16.10.39:626][  0]LogConfig: Setting CVar [[r.DOF.Gather.AccumulatorQuality:1        ; higher gathering accumulator quality]]
[2019.09.24-16.10.39:626][  0]LogConfig: Setting CVar [[r.DOF.Gather.PostfilterMethod:1          ; Median3x3 postfilering method]]
[2019.09.24-16.10.39:626][  0]LogConfig: Setting CVar [[r.DOF.Gather.EnableBokehSettings:0       ; no bokeh simulation when gathering]]
[2019.09.24-16.10.39:626][  0]LogConfig: Setting CVar [[r.DOF.Gather.RingCount:4                 ; medium number of samples when gathering]]
[2019.09.24-16.10.39:626][  0]LogConfig: Setting CVar [[r.DOF.Scatter.ForegroundCompositing:1    ; additive foreground scattering]]
[2019.09.24-16.10.39:626][  0]LogConfig: Setting CVar [[r.DOF.Scatter.BackgroundCompositing:2    ; additive background scattering]]
[2019.09.24-16.10.39:626][  0]LogConfig: Setting CVar [[r.DOF.Scatter.EnableBokehSettings:1      ; bokeh simulation when scattering]]
[2019.09.24-16.10.39:626][  0]LogConfig: Setting CVar [[r.DOF.Scatter.MaxSpriteRatio:0.1         ; only a maximum of 10% of scattered bokeh]]
[2019.09.24-16.10.39:626][  0]LogConfig: Setting CVar [[r.DOF.Recombine.Quality:1                ; cheap slight out of focus]]
[2019.09.24-16.10.39:626][  0]LogConfig: Setting CVar [[r.DOF.Recombine.EnableBokehSettings:0    ; no bokeh simulation on slight out of focus]]
[2019.09.24-16.10.39:626][  0]LogConfig: Setting CVar [[r.DOF.TemporalAAQuality:1                ; more stable temporal accumulation]]
[2019.09.24-16.10.39:626][  0]LogConfig: Setting CVar [[r.DOF.Kernel.MaxForegroundRadius:0.025]]
[2019.09.24-16.10.39:626][  0]LogConfig: Setting CVar [[r.DOF.Kernel.MaxBackgroundRadius:0.025]]
[2019.09.24-16.10.39:626][  0]LogConfig: Applying CVar settings from Section [TextureQuality@3] File [C:/Users/ma226386/Documents/3727/Platformer/Sankey_PWB/Saved/Config/Windows/Scalability.ini]
[2019.09.24-16.10.39:626][  0]LogConfig: Setting CVar [[r.Streaming.MipBias:0]]
[2019.09.24-16.10.39:626][  0]LogConfig: Setting CVar [[r.Streaming.AmortizeCPUToGPUCopy:0]]
[2019.09.24-16.10.39:626][  0]LogConfig: Setting CVar [[r.Streaming.MaxNumTexturesToStreamPerFrame:0]]
[2019.09.24-16.10.39:626][  0]LogConfig: Setting CVar [[r.Streaming.Boost:1]]
[2019.09.24-16.10.39:626][  0]LogConfig: Setting CVar [[r.MaxAnisotropy:8]]
[2019.09.24-16.10.39:626][  0]LogConfig: Setting CVar [[r.Streaming.LimitPoolSizeToVRAM:0]]
[2019.09.24-16.10.39:626][  0]LogConfig: Setting CVar [[r.Streaming.PoolSize:1000]]
[2019.09.24-16.10.39:626][  0]LogConfig: Setting CVar [[r.Streaming.MaxEffectiveScreenSize:0]]
[2019.09.24-16.10.39:626][  0]LogConfig: Applying CVar settings from Section [EffectsQuality@3] File [C:/Users/ma226386/Documents/3727/Platformer/Sankey_PWB/Saved/Config/Windows/Scalability.ini]
[2019.09.24-16.10.39:626][  0]LogConfig: Setting CVar [[r.TranslucencyLightingVolumeDim:64]]
[2019.09.24-16.10.39:626][  0]LogConfig: Setting CVar [[r.RefractionQuality:2]]
[2019.09.24-16.10.39:626][  0]LogConfig: Setting CVar [[r.SSR.Quality:3]]
[2019.09.24-16.10.39:626][  0]LogConfig: Setting CVar [[r.SceneColorFormat:4]]
[2019.09.24-16.10.39:626][  0]LogConfig: Setting CVar [[r.DetailMode:2]]
[2019.09.24-16.10.39:626][  0]LogConfig: Setting CVar [[r.TranslucencyVolumeBlur:1]]
[2019.09.24-16.10.39:626][  0]LogConfig: Setting CVar [[r.MaterialQualityLevel:1 ; High quality]]
[2019.09.24-16.10.39:626][  0]LogConfig: Setting CVar [[r.SSS.Scale:1]]
[2019.09.24-16.10.39:626][  0]LogConfig: Setting CVar [[r.SSS.SampleSet:2]]
[2019.09.24-16.10.39:626][  0]LogConfig: Setting CVar [[r.SSS.Quality:1]]
[2019.09.24-16.10.39:626][  0]LogConfig: Setting CVar [[r.SSS.HalfRes:1]]
[2019.09.24-16.10.39:626][  0]LogConfig: Setting CVar [[r.EmitterSpawnRateScale:1.0]]
[2019.09.24-16.10.39:626][  0]LogConfig: Setting CVar [[r.ParticleLightQuality:2]]
[2019.09.24-16.10.39:626][  0]LogConfig: Applying CVar settings from Section [FoliageQuality@3] File [C:/Users/ma226386/Documents/3727/Platformer/Sankey_PWB/Saved/Config/Windows/Scalability.ini]
[2019.09.24-16.10.39:626][  0]LogConfig: Setting CVar [[foliage.DensityScale:1.0]]
[2019.09.24-16.10.39:626][  0]LogConfig: Setting CVar [[grass.DensityScale:1.0]]
[2019.09.24-16.10.39:626][  0]LogConfig: Applying CVar settings from Section [Startup] File [../../../Engine/Config/ConsoleVariables.ini]
[2019.09.24-16.10.39:626][  0]LogConfig: Setting CVar [[net.UseAdaptiveNetUpdateFrequency:0]]
[2019.09.24-16.10.39:626][  0]LogConfig: Setting CVar [[p.chaos.AllowCreatePhysxBodies:1]]
[2019.09.24-16.10.39:626][  0]LogConfig: Applying CVar settings from Section [ConsoleVariables] File [C:/Users/ma226386/Documents/3727/Platformer/Sankey_PWB/Saved/Config/Windows/Engine.ini]
[2019.09.24-16.10.39:626][  0]LogInit: Computer: DTC5GS8FX2
[2019.09.24-16.10.39:626][  0]LogInit: User: ma226386
[2019.09.24-16.10.39:626][  0]LogInit: CPU Page size=4096, Cores=8
[2019.09.24-16.10.39:626][  0]LogInit: High frequency timer resolution =10.000000 MHz
[2019.09.24-16.10.39:627][  0]LogMemory: Memory total: Physical=31.8GB (32GB approx)
[2019.09.24-16.10.39:627][  0]LogMemory: Platform Memory Stats for Windows
[2019.09.24-16.10.39:627][  0]LogMemory: Process Physical Memory: 98.73 MB used, 98.73 MB peak
[2019.09.24-16.10.39:627][  0]LogMemory: Process Virtual Memory: 90.96 MB used, 90.96 MB peak
[2019.09.24-16.10.39:627][  0]LogMemory: Physical Memory: 7431.63 MB used,  25154.93 MB free, 32586.56 MB total
[2019.09.24-16.10.39:627][  0]LogMemory: Virtual Memory: 4691.14 MB used,  134213040.00 MB free, 134217728.00 MB total
[2019.09.24-16.10.39:644][  0]LogInit: Using OS detected language (en-US).
[2019.09.24-16.10.39:644][  0]LogInit: Using OS detected locale (en-US).
[2019.09.24-16.10.39:644][  0]LogTextLocalizationManager: No specific localization for 'en-US' exists, so the 'en' localization will be used.
[2019.09.24-16.10.39:787][  0]LogInit: Setting process to per monitor DPI aware
[2019.09.24-16.10.39:821][  0]LogSlate: New Slate User Created.  User Index 0, Is Virtual User: 0
[2019.09.24-16.10.39:821][  0]LogSlate: Slate User Registered.  User Index 0, Is Virtual User: 0
[2019.09.24-16.10.39:966][  0]LogHMD: Failed to initialize OpenVR with code 110
[2019.09.24-16.10.39:966][  0]LogD3D11RHI: D3D11 adapters:
[2019.09.24-16.10.40:044][  0]LogD3D11RHI:    0. 'NVIDIA GeForce RTX 2080' (Feature Level 11_0)
[2019.09.24-16.10.40:044][  0]LogD3D11RHI:       8010/0/16293 MB DedicatedVideo/DedicatedSystem/SharedSystem, Outputs:2, VendorId:0x10de
[2019.09.24-16.10.40:057][  0]LogD3D11RHI:    1. 'Intel(R) UHD Graphics 630' (Feature Level 11_0)
[2019.09.24-16.10.40:057][  0]LogD3D11RHI:       128/0/16293 MB DedicatedVideo/DedicatedSystem/SharedSystem, Outputs:0, VendorId:0x8086
[2019.09.24-16.10.40:058][  0]LogD3D11RHI:    2. 'Microsoft Basic Render Driver' (Feature Level 11_0)
[2019.09.24-16.10.40:058][  0]LogD3D11RHI:       0/0/16293 MB DedicatedVideo/DedicatedSystem/SharedSystem, Outputs:0, VendorId:0x1414
[2019.09.24-16.10.40:060][  0]LogD3D11RHI:    3. 'Microsoft Basic Render Driver' (Feature Level 11_0)
[2019.09.24-16.10.40:060][  0]LogD3D11RHI:       0/0/16293 MB DedicatedVideo/DedicatedSystem/SharedSystem, Outputs:0, VendorId:0x1414
[2019.09.24-16.10.40:061][  0]LogD3D11RHI:    4. 'Microsoft Basic Render Driver' (Feature Level 11_0)
[2019.09.24-16.10.40:062][  0]LogD3D11RHI:       0/0/16293 MB DedicatedVideo/DedicatedSystem/SharedSystem, Outputs:0, VendorId:0x1414
[2019.09.24-16.10.40:062][  0]LogD3D11RHI: Chosen D3D11 Adapter: 0
[2019.09.24-16.10.40:069][  0]LogD3D11RHI: Creating new Direct3DDevice
[2019.09.24-16.10.40:069][  0]LogD3D11RHI:     GPU DeviceId: 0x1e87 (for the marketing name, search the web for "GPU Device Id")
[2019.09.24-16.10.40:069][  0]LogWindows: EnumDisplayDevices:
[2019.09.24-16.10.40:069][  0]LogWindows:    0. 'NVIDIA GeForce RTX 2080' (P:1 D:1)
[2019.09.24-16.10.40:070][  0]LogWindows:    1. 'NVIDIA GeForce RTX 2080' (P:0 D:1)
[2019.09.24-16.10.40:070][  0]LogWindows:    2. 'NVIDIA GeForce RTX 2080' (P:0 D:0)
[2019.09.24-16.10.40:070][  0]LogWindows:    3. 'NVIDIA GeForce RTX 2080' (P:0 D:0)
[2019.09.24-16.10.40:070][  0]LogWindows:    4. 'Intel(R) UHD Graphics 630' (P:0 D:0)
[2019.09.24-16.10.40:070][  0]LogWindows:    5. 'Intel(R) UHD Graphics 630' (P:0 D:0)
[2019.09.24-16.10.40:071][  0]LogWindows:    6. 'Intel(R) UHD Graphics 630' (P:0 D:0)
[2019.09.24-16.10.40:071][  0]LogWindows:    7. 'Intel Unite Graphics Adapter' (P:0 D:0)
[2019.09.24-16.10.40:071][  0]LogWindows:    8. 'Intel Unite Graphics Adapter' (P:0 D:0)
[2019.09.24-16.10.40:071][  0]LogWindows:    9. 'Intel Unite Graphics Adapter' (P:0 D:0)
[2019.09.24-16.10.40:072][  0]LogWindows:    10. 'Citrix Indirect Display Adapter' (P:0 D:0)
[2019.09.24-16.10.40:072][  0]LogWindows:    11. 'Citrix Indirect Display Adapter' (P:0 D:0)
[2019.09.24-16.10.40:072][  0]LogWindows:    12. 'Citrix Indirect Display Adapter' (P:0 D:0)
[2019.09.24-16.10.40:072][  0]LogWindows:    13. 'Citrix Indirect Display Adapter' (P:0 D:0)
[2019.09.24-16.10.40:072][  0]LogWindows:    14. 'Citrix Indirect Display Adapter' (P:0 D:0)
[2019.09.24-16.10.40:073][  0]LogWindows:    15. 'Citrix Indirect Display Adapter' (P:0 D:0)
[2019.09.24-16.10.40:073][  0]LogWindows:    16. 'Citrix Indirect Display Adapter' (P:0 D:0)
[2019.09.24-16.10.40:073][  0]LogWindows:    17. 'Citrix Indirect Display Adapter' (P:0 D:0)
[2019.09.24-16.10.40:073][  0]LogWindows: DebugString: PrimaryIsNotTheChoosenAdapter PrimaryIsNotTheChoosenAdapter PrimaryIsNotTheChoosenAdapter PrimaryIsNotTheChoosenAdapter PrimaryIsNotTheChoosenAdapter PrimaryIsNotTheChoosenAdapter GetVideoDriverDetailsInvalid PrimaryIsNotTheChoosenAdapter GetVideoDriverDetailsInvalid PrimaryIsNotTheChoosenAdapter GetVideoDriverDetailsInvalid PrimaryIsNotTheChoosenAdapter GetVideoDriverDetailsInvalid PrimaryIsNotTheChoosenAdapter GetVideoDriverDetailsInvalid PrimaryIsNotTheChoosenAdapter GetVideoDriverDetailsInvalid PrimaryIsNotTheChoosenAdapter GetVideoDriverDetailsInvalid PrimaryIsNotTheChoosenAdapter GetVideoDriverDetailsInvalid PrimaryIsNotTheChoosenAdapter FoundDriverCount:4 
[2019.09.24-16.10.40:073][  0]LogD3D11RHI:     Adapter Name: NVIDIA GeForce RTX 2080
[2019.09.24-16.10.40:073][  0]LogD3D11RHI:   Driver Version: 436.02 (internal:26.21.14.3602, unified:436.02)
[2019.09.24-16.10.40:073][  0]LogD3D11RHI:      Driver Date: 8-16-2019
[2019.09.24-16.10.40:073][  0]LogRHI: Texture pool is 5607 MB (70% of 8010 MB)
[2019.09.24-16.10.40:119][  0]LogD3D11RHI: Async texture creation enabled
[2019.09.24-16.10.40:122][  0]LogRendererCore: FGlobalReadBuffer::InitRHI
[2019.09.24-16.10.40:122][  0]LogRendererCore: FGlobalReadBuffer::InitRHI
[2019.09.24-16.10.40:122][  0]LogRendererCore: FGlobalReadBuffer::InitRHI
[2019.09.24-16.10.40:129][  0]LogD3D11RHI: GPU Timing Frequency: 1000.000000 (Debug: 2 1)
[2019.09.24-16.10.40:484][  0]LogTemp: Display: Module 'AllDesktopTargetPlatform' loaded TargetPlatform 'AllDesktop'
[2019.09.24-16.10.40:497][  0]LogTemp: Display: Module 'MacClientTargetPlatform' loaded TargetPlatform 'MacClient'
[2019.09.24-16.10.40:517][  0]LogTemp: Display: Module 'MacNoEditorTargetPlatform' loaded TargetPlatform 'MacNoEditor'
[2019.09.24-16.10.40:530][  0]LogTemp: Display: Module 'MacServerTargetPlatform' loaded TargetPlatform 'MacServer'
[2019.09.24-16.10.40:543][  0]LogTemp: Display: Module 'MacTargetPlatform' loaded TargetPlatform 'Mac'
[2019.09.24-16.10.40:556][  0]LogTemp: Display: Module 'WindowsClientTargetPlatform' loaded TargetPlatform 'WindowsClient'
[2019.09.24-16.10.40:568][  0]LogTemp: Display: Module 'WindowsNoEditorTargetPlatform' loaded TargetPlatform 'WindowsNoEditor'
[2019.09.24-16.10.40:581][  0]LogTemp: Display: Module 'WindowsServerTargetPlatform' loaded TargetPlatform 'WindowsServer'
[2019.09.24-16.10.40:587][  0]LogTemp: Display: Module 'WindowsTargetPlatform' loaded TargetPlatform 'Windows'
[2019.09.24-16.10.40:660][  0]LogTemp: Display: Module 'AndroidTargetPlatform' loaded TargetPlatform 'Android'
[2019.09.24-16.10.40:660][  0]LogTemp: Display: Module 'AndroidTargetPlatform' loaded TargetPlatform 'Android_ASTC'
[2019.09.24-16.10.40:660][  0]LogTemp: Display: Module 'AndroidTargetPlatform' loaded TargetPlatform 'Android_ATC'
[2019.09.24-16.10.40:660][  0]LogTemp: Display: Module 'AndroidTargetPlatform' loaded TargetPlatform 'Android_DXT'
[2019.09.24-16.10.40:660][  0]LogTemp: Display: Module 'AndroidTargetPlatform' loaded TargetPlatform 'Android_ETC1'
[2019.09.24-16.10.40:660][  0]LogTemp: Display: Module 'AndroidTargetPlatform' loaded TargetPlatform 'Android_ETC1a'
[2019.09.24-16.10.40:660][  0]LogTemp: Display: Module 'AndroidTargetPlatform' loaded TargetPlatform 'Android_ETC2'
[2019.09.24-16.10.40:660][  0]LogTemp: Display: Module 'AndroidTargetPlatform' loaded TargetPlatform 'Android_PVRTC'
[2019.09.24-16.10.40:660][  0]LogTemp: Display: Module 'AndroidTargetPlatform' loaded TargetPlatform 'AndroidClient'
[2019.09.24-16.10.40:660][  0]LogTemp: Display: Module 'AndroidTargetPlatform' loaded TargetPlatform 'Android_ASTCClient'
[2019.09.24-16.10.40:660][  0]LogTemp: Display: Module 'AndroidTargetPlatform' loaded TargetPlatform 'Android_ATCClient'
[2019.09.24-16.10.40:660][  0]LogTemp: Display: Module 'AndroidTargetPlatform' loaded TargetPlatform 'Android_DXTClient'
[2019.09.24-16.10.40:660][  0]LogTemp: Display: Module 'AndroidTargetPlatform' loaded TargetPlatform 'Android_ETC1Client'
[2019.09.24-16.10.40:660][  0]LogTemp: Display: Module 'AndroidTargetPlatform' loaded TargetPlatform 'Android_ETC1aClient'
[2019.09.24-16.10.40:660][  0]LogTemp: Display: Module 'AndroidTargetPlatform' loaded TargetPlatform 'Android_ETC2Client'
[2019.09.24-16.10.40:660][  0]LogTemp: Display: Module 'AndroidTargetPlatform' loaded TargetPlatform 'Android_PVRTCClient'
[2019.09.24-16.10.40:660][  0]LogTemp: Display: Module 'AndroidTargetPlatform' loaded TargetPlatform 'Android_Multi'
[2019.09.24-16.10.40:660][  0]LogTemp: Display: Module 'AndroidTargetPlatform' loaded TargetPlatform 'Android_MultiClient'
[2019.09.24-16.10.40:661][  0]LogTemp: Display: Module 'HTML5TargetPlatform' loaded TargetPlatform 'HTML5'
[2019.09.24-16.10.40:707][  0]LogTemp: Display: Module 'IOSTargetPlatform' loaded TargetPlatform 'IOSClient'
[2019.09.24-16.10.40:707][  0]LogTemp: Display: Module 'IOSTargetPlatform' loaded TargetPlatform 'IOS'
[2019.09.24-16.10.40:730][  0]LogTemp: Display: Module 'TVOSTargetPlatform' loaded TargetPlatform 'TVOSClient'
[2019.09.24-16.10.40:730][  0]LogTemp: Display: Module 'TVOSTargetPlatform' loaded TargetPlatform 'TVOS'
[2019.09.24-16.10.40:741][  0]LogTemp: Display: Module 'LinuxClientTargetPlatform' loaded TargetPlatform 'LinuxClient'
[2019.09.24-16.10.40:752][  0]LogTemp: Display: Module 'LinuxNoEditorTargetPlatform' loaded TargetPlatform 'LinuxNoEditor'
[2019.09.24-16.10.40:764][  0]LogTemp: Display: Module 'LinuxServerTargetPlatform' loaded TargetPlatform 'LinuxServer'
[2019.09.24-16.10.40:775][  0]LogTemp: Display: Module 'LinuxTargetPlatform' loaded TargetPlatform 'Linux'
[2019.09.24-16.10.40:816][  0]LogTemp: Display: Module 'LuminTargetPlatform' loaded TargetPlatform 'Lumin'
[2019.09.24-16.10.40:816][  0]LogTemp: Display: Module 'LuminTargetPlatform' loaded TargetPlatform 'LuminClient'
[2019.09.24-16.10.40:816][  0]LogTargetPlatformManager: Display: Building Assets For Windows
[2019.09.24-16.10.40:823][  0]LogAudioDebug: Display: Lib vorbis DLL was dynamically loaded.
[2019.09.24-16.10.40:865][  0]LogShaderCompilers: Guid format shader working directory is -19 characters bigger than the processId version (../../../../../../Users/ma226386/Documents/3727/Platformer/Sankey_PWB/Intermediate/Shaders/WorkingDirectory/13704/).
[2019.09.24-16.10.40:865][  0]LogShaderCompilers: Cleaned the shader compiler working directory 'C:/Users/ma226386/AppData/Local/Temp/1/UnrealShaderWorkingDir/651CB0CC41CA8D5FF02424BB1B4F2C55/'.
[2019.09.24-16.10.40:878][  0]LogShaderCompilers: Display: Using XGE Shader Compiler (Interception Interface).
[2019.09.24-16.10.41:451][  0]LogDerivedDataCache: Display: Max Cache Size: 512 MB
[2019.09.24-16.10.41:496][  0]LogDerivedDataCache: Loaded boot cache 0.05s 72MB C:/Users/ma226386/AppData/Local/UnrealEngine/4.22/DerivedDataCache/Boot.ddc.
[2019.09.24-16.10.41:496][  0]LogDerivedDataCache: Display: Loaded Boot cache: C:/Users/ma226386/AppData/Local/UnrealEngine/4.22/DerivedDataCache/Boot.ddc
[2019.09.24-16.10.41:496][  0]LogDerivedDataCache: FDerivedDataBackendGraph:  Pak pak cache file ../../../../../../Users/ma226386/Documents/3727/Platformer/Sankey_PWB/DerivedDataCache/DDC.ddp not found, will not use a pak cache.
[2019.09.24-16.10.41:496][  0]LogDerivedDataCache: Unable to find inner node Pak for hierarchical cache Hierarchy.
[2019.09.24-16.10.41:496][  0]LogDerivedDataCache: FDerivedDataBackendGraph:  CompressedPak pak cache file ../../../../../../Users/ma226386/Documents/3727/Platformer/Sankey_PWB/DerivedDataCache/Compressed.ddp not found, will not use a pak cache.
[2019.09.24-16.10.41:496][  0]LogDerivedDataCache: Unable to find inner node CompressedPak for hierarchical cache Hierarchy.
[2019.09.24-16.10.41:508][  0]LogDerivedDataCache: Display: Pak cache opened for reading ../../../Engine/DerivedDataCache/Compressed.ddp.
[2019.09.24-16.10.41:510][  0]LogDerivedDataCache: Display: Pak cache opened for reading ../../../Enterprise/DerivedDataCache/Compressed.ddp.
[2019.09.24-16.10.41:524][  0]LogDerivedDataCache: Using Local data cache path C:/Users/ma226386/AppData/Local/UnrealEngine/Common/DerivedDataCache: Writable
[2019.09.24-16.10.41:524][  0]LogDerivedDataCache: Shared data cache path not found in *engine.ini, will not use an Shared cache.
[2019.09.24-16.10.41:524][  0]LogDerivedDataCache: Unable to find inner node Shared for hierarchical cache Hierarchy.
[2019.09.24-16.10.41:544][  0]LogMaterial: Verifying Global Shaders for PCD3D_SM5
[2019.09.24-16.10.41:545][  0]LogSlate: Using FreeType 2.6.0
[2019.09.24-16.10.41:545][  0]LogSlate: SlateFontServices - WITH_FREETYPE: 1, WITH_HARFBUZZ: 1
[2019.09.24-16.10.41:622][  0]LogAssetRegistry: FAssetRegistry took 0.0321 seconds to start up
[2019.09.24-16.10.41:913][  0]LogInit: Selected Device Profile: [Windows]
[2019.09.24-16.10.42:048][  0]LogMeshReduction: Using QuadricMeshReduction for automatic static mesh reduction
[2019.09.24-16.10.42:048][  0]LogMeshReduction: Using SimplygonMeshReduction for automatic skeletal mesh reduction
[2019.09.24-16.10.42:048][  0]LogMeshReduction: Using ProxyLODMeshReduction for automatic mesh merging
[2019.09.24-16.10.42:048][  0]LogMeshReduction: No distributed automatic mesh merging module available
[2019.09.24-16.10.42:048][  0]LogMeshMerging: No distributed automatic mesh merging module available
[2019.09.24-16.10.42:058][  0]LogNetVersion: Sankey_PWB 1.0.0, NetCL: 5660361, EngineNetVer: 10, GameNetVer: 0 (Checksum: 1362181241)
[2019.09.24-16.10.42:416][  0]LogPackageLocalizationCache: Processed 16 localized package path(s) for 1 prioritized culture(s) in 0.042627 seconds
[2019.09.24-16.10.42:423][  0]LogUObjectArray: 42205 objects as part of root set at end of initial load.
[2019.09.24-16.10.42:423][  0]LogUObjectAllocator: 7325032 out of 0 bytes used by permanent object pool.
[2019.09.24-16.10.42:423][  0]LogUObjectArray: CloseDisregardForGC: 0/0 objects in disregard for GC pool
[2019.09.24-16.10.43:148][  0]LogTcpMessaging: Initializing TcpMessaging bridge
[2019.09.24-16.10.43:173][  0]LogUdpMessaging: Initializing bridge on interface 0.0.0.0:0 to multicast group 230.0.0.1:6666.
[2019.09.24-16.10.43:270][  0]SourceControl: Source control is disabled
[2019.09.24-16.10.43:271][  0]SourceControl: Source control is disabled
[2019.09.24-16.10.43:272][  0]SourceControl: Source control is disabled
[2019.09.24-16.10.43:272][  0]SourceControl: Source control is disabled
[2019.09.24-16.10.43:453][  0]LogAndroidPermission: UAndroidPermissionCallbackProxy::GetInstance
[2019.09.24-16.10.43:544][  0]LogOcInput: OculusInput pre-init called
[2019.09.24-16.10.45:891][  0]LogWindows: Failed to load 'libalias_api.dll' (GetLastError=126)
[2019.09.24-16.10.45:891][  0]LogWindows: File 'libalias_api.dll' does not exist
[2019.09.24-16.10.45:892][  0]LogWindows: Failed to load 'libalias_api.dll' (GetLastError=126)
[2019.09.24-16.10.45:892][  0]LogWindows: File 'libalias_api.dll' does not exist
[2019.09.24-16.10.46:022][  0]LogEngine: Initializing Engine...
[2019.09.24-16.10.46:023][  0]LogHMD: Failed to initialize OpenVR with code 110
[2019.09.24-16.10.46:024][  0]LogStats: UGameplayTagsManager::InitializeManager -  0.000 s
[2019.09.24-16.10.46:211][  0]LogInit: Initializing FReadOnlyCVARCache
[2019.09.24-16.10.46:223][  0]LogAIModule: Creating AISystem for world Untitled
[2019.09.24-16.10.46:244][  0]LogInit: XAudio2 using 'DELL U2419H (NVIDIA High Definition Audio)' : 2 channels at 48 kHz using 16 bits per sample (channel mask 0x3)
[2019.09.24-16.10.46:323][  0]LogInit: FAudioDevice initialized.
[2019.09.24-16.10.46:324][  0]LogNetVersion: Set ProjectVersion to 1.0.0.0. Version Checksum will be recalculated on next use.
[2019.09.24-16.10.46:370][  0]LogDerivedDataCache: Saved boot cache 0.05s 72MB C:/Users/ma226386/AppData/Local/UnrealEngine/4.22/DerivedDataCache/Boot.ddc.
[2019.09.24-16.10.46:380][  0]LogInit: Texture streaming: Enabled
[2019.09.24-16.10.46:395][  0]LogEngineSessionManager: EngineSessionManager initialized
[2019.09.24-16.10.46:418][  0]LogInit: Transaction tracking system initialized
[2019.09.24-16.10.46:437][  0]BlueprintLog: New page: Editor Load
[2019.09.24-16.10.46:558][  0]LocalizationService: Localization service is disabled
[2019.09.24-16.10.46:844][  0]LogFileCache: Scanning file cache for directory 'C:/Users/ma226386/Documents/3727/Platformer/Sankey_PWB/Content/' took 0.01s
[2019.09.24-16.10.46:844][  0]LogCook: Display: Max memory allowance for cook 16384mb min free memory 0mb
[2019.09.24-16.10.46:844][  0]LogCook: Display: Mobile HDR setting 1
[2019.09.24-16.10.48:187][  0]SourceControl: Source control is disabled
[2019.09.24-16.10.48:187][  0]Cmd: MAP LOAD FILE="../../../../../../Users/ma226386/Documents/3727/Platformer/Sankey_PWB/Content/FirstPersonBP/Maps/FirstPersonExampleMap.umap" TEMPLATE=0 SHOWPROGRESS=1 FEATURELEVEL=3
[2019.09.24-16.10.48:188][  0]LightingResults: New page: Lighting Build
[2019.09.24-16.10.48:190][  0]MapCheck: New page: Map Check
[2019.09.24-16.10.48:190][  0]LightingResults: New page: Lighting Build
[2019.09.24-16.10.48:224][  0]LogUObjectHash: Compacting FUObjectHashTables data took   2.46ms
[2019.09.24-16.10.48:516][  0]LogAIModule: Creating AISystem for world FirstPersonExampleMap
[2019.09.24-16.10.48:527][  0]LogEditorServer: Finished looking for orphan Actors (0.000 secs)
[2019.09.24-16.10.48:564][  0]LogUObjectHash: Compacting FUObjectHashTables data took   3.21ms
[2019.09.24-16.10.48:564][  0]Cmd: MAP CHECKDEP NOCLEARLOG
[2019.09.24-16.10.48:564][  0]MapCheck: Map check complete: 0 Error(s), 0 Warning(s), took 0.109ms to complete.
[2019.09.24-16.10.48:564][  0]LogFileHelpers: Loading map 'FirstPersonExampleMap' took 0.377
[2019.09.24-16.10.48:685][  0]LogSlate: Updating window title bar state: overlay mode, drag disabled, window buttons hidden, title bar hidden
[2019.09.24-16.10.48:692][  0]LogSlate: Updating window title bar state: overlay mode, drag disabled, window buttons hidden, title bar hidden
[2019.09.24-16.10.48:698][  0]LogSlate: Updating window title bar state: overlay mode, drag disabled, window buttons hidden, title bar hidden
[2019.09.24-16.10.48:705][  0]LogSlate: Updating window title bar state: overlay mode, drag disabled, window buttons hidden, title bar hidden
[2019.09.24-16.10.48:717][  0]LogCollectionManager: Loaded 0 collections in 0.001401 seconds
[2019.09.24-16.10.48:769][  0]LogFileCache: Scanning file cache for directory 'C:/Users/ma226386/Documents/3727/Platformer/Sankey_PWB/Saved/Collections/' took 0.01s
[2019.09.24-16.10.48:769][  0]LogFileCache: Scanning file cache for directory 'C:/Users/ma226386/Documents/3727/Platformer/Sankey_PWB/Content/Developers/ma226386/Collections/' took 0.01s
[2019.09.24-16.10.48:769][  0]LogFileCache: Scanning file cache for directory 'C:/Users/ma226386/Documents/3727/Platformer/Sankey_PWB/Content/Collections/' took 0.01s
[2019.09.24-16.10.48:769][  0]LogCollectionManager: Rebuilt the GUID cache for 0 collections in 0.000000 seconds
[2019.09.24-16.10.48:780][  0]LogContentBrowser: Native class hierarchy populated in 0.0087 seconds. Added 2864 classes and 726 folders.
[2019.09.24-16.10.48:790][  0]LogContentBrowser: Native class hierarchy updated for 'WidgetCarousel' in 0.0002 seconds. Added 0 classes and 0 folders.
[2019.09.24-16.10.48:791][  0]LogPakFile: Registered encryption key '00000000000000000000000000000000': 0 pak files mounted, 0 remain pending
[2019.09.24-16.10.48:791][  0]LogPakFile: Registered encryption key '00000000000000000000000000000000': 0 pak files mounted, 0 remain pending
[2019.09.24-16.10.48:792][  0]LogPakFile: Registered encryption key '00000000000000000000000000000000': 0 pak files mounted, 0 remain pending
[2019.09.24-16.10.48:792][  0]LogPakFile: Registered encryption key '00000000000000000000000000000000': 0 pak files mounted, 0 remain pending
[2019.09.24-16.10.48:792][  0]LogPakFile: Registered encryption key '00000000000000000000000000000000': 0 pak files mounted, 0 remain pending
[2019.09.24-16.10.48:793][  0]LogPakFile: Registered encryption key '00000000000000000000000000000000': 0 pak files mounted, 0 remain pending
[2019.09.24-16.10.48:793][  0]LogPakFile: Registered encryption key '00000000000000000000000000000000': 0 pak files mounted, 0 remain pending
[2019.09.24-16.10.48:793][  0]LogPakFile: Registered encryption key '00000000000000000000000000000000': 0 pak files mounted, 0 remain pending
[2019.09.24-16.10.48:794][  0]LogPakFile: Registered encryption key '00000000000000000000000000000000': 0 pak files mounted, 0 remain pending
[2019.09.24-16.10.48:794][  0]LogPakFile: Registered encryption key '00000000000000000000000000000000': 0 pak files mounted, 0 remain pending
[2019.09.24-16.10.48:795][  0]LogPakFile: Registered encryption key '00000000000000000000000000000000': 0 pak files mounted, 0 remain pending
[2019.09.24-16.10.48:795][  0]LogPakFile: Registered encryption key '00000000000000000000000000000000': 0 pak files mounted, 0 remain pending
[2019.09.24-16.10.48:795][  0]LogPakFile: Registered encryption key '00000000000000000000000000000000': 0 pak files mounted, 0 remain pending
[2019.09.24-16.10.48:796][  0]LogPakFile: Registered encryption key '00000000000000000000000000000000': 0 pak files mounted, 0 remain pending
[2019.09.24-16.10.48:796][  0]LogPakFile: Registered encryption key '00000000000000000000000000000000': 0 pak files mounted, 0 remain pending
[2019.09.24-16.10.48:796][  0]LogPakFile: Registered encryption key '00000000000000000000000000000000': 0 pak files mounted, 0 remain pending
[2019.09.24-16.10.48:797][  0]LogPakFile: Registered encryption key '00000000000000000000000000000000': 0 pak files mounted, 0 remain pending
[2019.09.24-16.10.48:797][  0]LogPakFile: Registered encryption key '00000000000000000000000000000000': 0 pak files mounted, 0 remain pending
[2019.09.24-16.10.48:798][  0]LogPakFile: Registered encryption key '00000000000000000000000000000000': 0 pak files mounted, 0 remain pending
[2019.09.24-16.10.48:798][  0]LogPakFile: Registered encryption key '00000000000000000000000000000000': 0 pak files mounted, 0 remain pending
[2019.09.24-16.10.48:798][  0]LogPakFile: Registered encryption key '00000000000000000000000000000000': 0 pak files mounted, 0 remain pending
[2019.09.24-16.10.48:799][  0]LogPakFile: Registered encryption key '00000000000000000000000000000000': 0 pak files mounted, 0 remain pending
[2019.09.24-16.10.48:799][  0]LogPakFile: Registered encryption key '00000000000000000000000000000000': 0 pak files mounted, 0 remain pending
[2019.09.24-16.10.48:800][  0]LogPakFile: Registered encryption key '00000000000000000000000000000000': 0 pak files mounted, 0 remain pending
[2019.09.24-16.10.48:800][  0]LogPakFile: Registered encryption key '00000000000000000000000000000000': 0 pak files mounted, 0 remain pending
[2019.09.24-16.10.48:800][  0]LogPakFile: Registered encryption key '00000000000000000000000000000000': 0 pak files mounted, 0 remain pending
[2019.09.24-16.10.48:801][  0]LogPakFile: Registered encryption key '00000000000000000000000000000000': 0 pak files mounted, 0 remain pending
[2019.09.24-16.10.48:801][  0]LogPakFile: Registered encryption key '00000000000000000000000000000000': 0 pak files mounted, 0 remain pending
[2019.09.24-16.10.48:827][  0]LogContentBrowser: Native class hierarchy updated for 'AddContentDialog' in 0.0002 seconds. Added 0 classes and 0 folders.
[2019.09.24-16.10.48:839][  0]LogContentBrowser: Native class hierarchy updated for 'SceneOutliner' in 0.0003 seconds. Added 1 classes and 0 folders.
[2019.09.24-16.10.48:877][  0]LogSlate: Took 0.000111 seconds to synchronously load lazily loaded font '../../../Engine/Content/Slate/Fonts/Roboto-Regular.ttf' (155K)
[2019.09.24-16.10.48:879][  0]LogSlate: Took 0.000107 seconds to synchronously load lazily loaded font '../../../Engine/Content/Slate/Fonts/Roboto-Bold.ttf' (160K)
[2019.09.24-16.10.48:889][  0]LogSlate: Took 0.005840 seconds to synchronously load lazily loaded font '../../../Engine/Content/Editor/Slate/Fonts/FontAwesome.ttf' (139K)
[2019.09.24-16.10.48:979][  0]LogRenderer: Reallocating scene render targets to support 1208x572 Format 10 NumSamples 1 (Frame:1).
[2019.09.24-16.10.49:085][  0]LogContentBrowser: Native class hierarchy updated for 'HierarchicalLODOutliner' in 0.0002 seconds. Added 0 classes and 0 folders.
[2019.09.24-16.10.49:085][  0]LogLoad: (Engine Initialization) Total time: 11.50 seconds
[2019.09.24-16.10.49:086][  0]LogLoad: (Engine Initialization) Total Blueprint compile time: 0.00 seconds
[2019.09.24-16.10.49:119][  0]LogAssetRegistry: Asset discovery search completed in 7.5193 seconds
[2019.09.24-16.10.49:122][  0]LogCollectionManager: Rebuilt the object cache for 0 collections in 0.000000 seconds (found 0 objects)
[2019.09.24-16.10.49:122][  0]LogCollectionManager: Fixed up redirectors for 0 collections in 0.000047 seconds (updated 0 objects)
[2019.09.24-16.10.49:124][  0]LogContentStreaming: Texture pool size now 1000 MB
[2019.09.24-16.10.49:145][  0]LogSlate: Took 0.000106 seconds to synchronously load lazily loaded font '../../../Engine/Content/Slate/Fonts/Roboto-Light.ttf' (167K)
[2019.09.24-16.10.52:708][415]LogSlate: FSceneViewport::OnFocusLost() reason 2
[2019.09.24-16.11.20:638][753]LogSlate: Took 0.000207 seconds to synchronously load lazily loaded font '../../../Engine/Content/Slate/Fonts/Roboto-Light.ttf' (167K)
[2019.09.24-16.11.20:645][753]LogAssetEditorManager: Opening Asset editor for World /Game/Levels/PWB_Level.PWB_Level
[2019.09.24-16.11.20:679][753]LogUObjectHash: Compacting FUObjectHashTables data took   2.09ms
[2019.09.24-16.11.23:962][753]LogSlate: Window 'Save Content' being destroyed
[2019.09.24-16.11.24:000][753]LogUObjectHash: Compacting FUObjectHashTables data took   0.62ms
[2019.09.24-16.11.24:016][753]LogSavePackage: Moving '../../../../../../Users/ma226386/Documents/3727/Platformer/Sankey_PWB/Saved/PWB_Level87F09D5D448AF9A09A80DE9993889731.tmp' to '../../../../../../Users/ma226386/Documents/3727/Platformer/Sankey_PWB/Content/Levels/PWB_Level.umap'
[2019.09.24-16.11.24:021][753]LogFileHelpers: Saving map 'PWB_Level' took 0.052
[2019.09.24-16.11.24:023][753]Cmd: MAP LOAD FILE="../../../../../../Users/ma226386/Documents/3727/Platformer/Sankey_PWB/Content/Levels/PWB_Level.umap" TEMPLATE=0 SHOWPROGRESS=1 FEATURELEVEL=3
[2019.09.24-16.11.24:023][753]LightingResults: New page: Lighting Build
[2019.09.24-16.11.24:023][753]LoadErrors: New page: Loading map: PWB_Level.umap
[2019.09.24-16.11.24:027][753]MapCheck: New page: Map Check
[2019.09.24-16.11.24:027][753]LightingResults: New page: Lighting Build
[2019.09.24-16.11.24:058][753]LogUObjectHash: Compacting FUObjectHashTables data took   2.69ms
[2019.09.24-16.11.24:060][753]LogEditorServer: Finished looking for orphan Actors (0.000 secs)
[2019.09.24-16.11.24:060][753]LogAIModule: Creating AISystem for world PWB_Level
[2019.09.24-16.11.24:089][753]LogUObjectHash: Compacting FUObjectHashTables data took   1.58ms
[2019.09.24-16.11.24:104][753]Cmd: MAP CHECKDEP NOCLEARLOG
[2019.09.24-16.11.24:104][753]MapCheck: Map check complete: 0 Error(s), 0 Warning(s), took 0.088ms to complete.
[2019.09.24-16.11.24:105][753]LogFileHelpers: Loading map 'PWB_Level' took 0.084
[2019.09.24-16.11.31:591][633]Cmd: BRUSH ADD SELECTNEWBRUSH
[2019.09.24-16.11.32:958][792]LogSlate: FSceneViewport::OnFocusLost() reason 2
[2019.09.24-16.11.39:090][527]LogSlate: FSceneViewport::OnFocusLost() reason 2
[2019.09.24-16.11.39:303][552]LogSlate: FSceneViewport::OnFocusLost() reason 2
[2019.09.24-16.11.43:341][ 35]LogSlate: FSceneViewport::OnFocusLost() reason 0
[2019.09.24-16.12.40:617][879]LogSlate: FSceneViewport::OnFocusLost() reason 2
[2019.09.24-16.12.51:409][167]LogSlate: FSceneViewport::OnFocusLost() reason 2
[2019.09.24-16.12.54:839][572]LogSlate: FSceneViewport::OnFocusLost() reason 0
[2019.09.24-16.13.09:412][312]LogSlate: FSceneViewport::OnFocusLost() reason 0
[2019.09.24-16.13.18:492][395]LogSlate: FSceneViewport::OnFocusLost() reason 2
[2019.09.24-16.13.20:619][649]LogSlate: FSceneViewport::OnFocusLost() reason 2
[2019.09.24-16.13.23:739][ 23]MapCheck: New page: Map Check
[2019.09.24-16.13.23:751][ 23]Cmd: MAP REBUILD ALLVISIBLE
[2019.09.24-16.13.23:751][ 23]LogEditorServer: Rebuildmap Clear paths rebuilt
[2019.09.24-16.13.23:764][ 23]LightingResults: New page: Lighting Build - Sep 24, 2019, 8:13:23 AM
[2019.09.24-16.13.23:799][ 23]LogSwarmInterface: [OpenConnection] Registering TCP channel ...
[2019.09.24-16.13.23:923][ 23]LogSwarmInterface: [OpenConnection] Connecting to agent ...
[2019.09.24-16.13.23:933][ 23]LogSwarmInterface: [TryOpenConnection] Testing the Agent
[2019.09.24-16.13.24:445][ 23]LogSwarmInterface: [TryOpenConnection] Opening Connection to Agent
[2019.09.24-16.13.24:446][ 23]LogSwarmInterface: [TryOpenConnection] Local Process ID is 13704
[2019.09.24-16.13.25:187][ 23]LogStaticLightingSystem: Warning: No importance volume found, so the scene bounding box was used.  You can optimize your scene's quality and lighting build times by adding importance volumes.
[2019.09.24-16.13.25:187][ 23]LogStaticLightingSystem: Running Lightmass w/ ImmediateImport mode ENABLED
[2019.09.24-16.13.25:187][ 23]LogStaticLightingSystem: Running Lightmass w/ ImmediateProcess mode ENABLED
[2019.09.24-16.13.25:187][ 23]LogStaticLightingSystem: Running Lightmass w/ Sorting mode ENABLED
[2019.09.24-16.13.25:187][ 23]LogStaticLightingSystem: Running Lightmass w/ Mapping paddings ENABLED
[2019.09.24-16.13.25:187][ 23]LogStaticLightingSystem: Running Lightmass w/ Mapping debug paddings DISABLED
[2019.09.24-16.13.25:314][ 23]LogEditorBuildUtils: Build time 0:01
[2019.09.24-16.13.25:359][ 24]LogUObjectHash: Compacting FUObjectHashTables data took   1.94ms
[2019.09.24-16.13.27:450][173]Job is a success!
[2019.09.24-16.13.27:476][175]LogSlate: FSceneViewport::OnFocusLost() reason 2
[2019.09.24-16.13.27:497][175]LogVolumetricLightmapImport: Imported Volumetric Lightmap in 0.009s
[2019.09.24-16.13.27:497][175]LogVolumetricLightmapImport:      Indirection Texture 16x16x16 = 0.0Mb
[2019.09.24-16.13.27:497][175]LogVolumetricLightmapImport:      BrickData 50x5x5 = 0.0Mb
[2019.09.24-16.13.27:497][175]LogVolumetricLightmapImport:      Bricks at Level
[2019.09.24-16.13.27:497][175]LogVolumetricLightmapImport:          0: 10.0% covering 100.0% of volume
[2019.09.24-16.13.27:497][175]LogVolumetricLightmapImport:          1: 10.0% covering 1.6% of volume
[2019.09.24-16.13.27:497][175]LogVolumetricLightmapImport:          2: 80.0% covering 0.2% of volume
[2019.09.24-16.13.27:521][175]LogTexture: Display: Building textures: LQ_Lightmap_0_1 (DXT1, 256X256)
[2019.09.24-16.13.27:521][175]LogTexture: Display: Building textures: HQ_Lightmap0_1 (AutoDXT, 256X256)
[2019.09.24-16.13.27:521][175]LogTexture: Display: Building textures: SkyOcclusion0_1 (AutoDXT, 256X128)
[2019.09.24-16.13.27:521][175]LogTexture: Display: Building textures: ShadowMapTexture2D_0 (G8, 128X128)
[2019.09.24-16.13.27:541][175]Lightmass on DTC5GS8FX2: 1.68 sec total, 124 ms importing, 18 ms setup, 1.00 sec photons, 506 ms processing, 0 ms extra exporting [12/12 mappings]. Threads: 6.61 sec total, 22 ms processing.
[2019.09.24-16.13.27:543][175]LogStaticLightingSystem: PWB_Level_BuiltData storing lightmap data for 4 meshes in 1 LightmapResourceClusters (4.0 Meshes per cluster).
[2019.09.24-16.13.27:575][175]LogUObjectHash: Compacting FUObjectHashTables data took   1.57ms
[2019.09.24-16.13.27:588][175]LogStaticLightingSystem: Illumination: 3.81 sec (8 ms encoding lightmaps, 4 ms encoding shadowmaps)
[2019.09.24-16.13.27:588][175]LogStaticLightingSystem: Lightmap texture memory:  0.2 MB (0.0 MB streaming, 0.2 MB non-streaming), 2 textures
[2019.09.24-16.13.27:588][175]LogStaticLightingSystem: Shadowmap texture memory: 0.0 MB (0.0 MB streaming, 0.0 MB non-streaming), 1 textures
[2019.09.24-16.13.28:191][175]DumpUnbuiltLightIteractions
[2019.09.24-16.13.28:191][175]Lights with unbuilt interactions: 0
[2019.09.24-16.13.28:191][175]
[2019.09.24-16.13.28:191][175]Primitives with unbuilt interactions: 0
[2019.09.24-16.13.28:195][175]LogSlate: FSceneViewport::OnFocusLost() reason 2
[2019.09.24-16.13.28:222][176]Cmd: MAP CHECK NOTIFYRESULTS
[2019.09.24-16.13.28:222][176]MapCheck: New page: PWB_Level - Sep 24, 2019, 8:13:28 AM
[2019.09.24-16.13.28:224][176]MapCheck: Map check complete: 0 Error(s), 0 Warning(s), took 1.225ms to complete.
[2019.09.24-16.13.34:415][905]LogSlate: FSceneViewport::OnFocusLost() reason 0
[2019.09.24-16.13.34:498][915]LogTemp: Repeating last play command: Selected Viewport
[2019.09.24-16.13.34:506][915]LogBlueprintUserMessages: Early PlayInEditor Detection: Level '/Game/Levels/PWB_Level.PWB_Level:PersistentLevel' has LevelScriptBlueprint '/Game/Levels/PWB_Level.PWB_Level:PersistentLevel.PWB_Level' with GeneratedClass '/Game/Levels/PWB_Level.PWB_Level_C' with ClassGeneratedBy '/Game/Levels/PWB_Level.PWB_Level:PersistentLevel.PWB_Level'
[2019.09.24-16.13.34:506][915]LogPlayLevel: PlayLevel: No blueprints needed recompiling
[2019.09.24-16.13.34:506][915]PIE: New page: PIE session: PWB_Level (Sep 24, 2019, 8:13:34 AM)
[2019.09.24-16.13.34:520][915]LogPlayLevel: Creating play world package: /Game/Levels/UEDPIE_0_PWB_Level
[2019.09.24-16.13.34:522][915]LogPlayLevel: PIE: StaticDuplicateObject took: (0.001949s)
[2019.09.24-16.13.34:523][915]LogAIModule: Creating AISystem for world PWB_Level
[2019.09.24-16.13.34:523][915]LogPlayLevel: PIE: World Init took: (0.000560s)
[2019.09.24-16.13.34:523][915]LogPlayLevel: PIE: Created PIE world by copying editor world from /Game/Levels/PWB_Level.PWB_Level to /Game/Levels/UEDPIE_0_PWB_Level.PWB_Level (0.002708s)
[2019.09.24-16.13.34:557][915]LogUObjectHash: Compacting FUObjectHashTables data took   1.56ms
[2019.09.24-16.13.34:572][915]LogInit: XAudio2 using 'DELL U2419H (NVIDIA High Definition Audio)' : 2 channels at 48 kHz using 16 bits per sample (channel mask 0x3)
[2019.09.24-16.13.34:582][915]LogInit: FAudioDevice initialized.
[2019.09.24-16.13.34:621][915]LogLoad: Game class is 'FirstPersonGameMode_C'
[2019.09.24-16.13.34:623][915]LogWorld: Bringing World /Game/Levels/UEDPIE_0_PWB_Level.PWB_Level up for play (max tick rate 0) at 2019.09.24-12.13.34
[2019.09.24-16.13.34:623][915]LogWorld: Bringing up level for play took: 0.000436
[2019.09.24-16.13.34:645][915]LogContentBrowser: Native class hierarchy updated for 'MovieSceneCapture' in 0.0003 seconds. Added 20 classes and 0 folders.
[2019.09.24-16.13.34:646][915]PIE: Play in editor start time for /Game/Levels/UEDPIE_0_PWB_Level -0.851
[2019.09.24-16.13.34:647][915]LogBlueprintUserMessages: Late PlayInEditor Detection: Level '/Game/Levels/PWB_Level.PWB_Level:PersistentLevel' has LevelScriptBlueprint '/Game/Levels/PWB_Level.PWB_Level:PersistentLevel.PWB_Level' with GeneratedClass '/Game/Levels/PWB_Level.PWB_Level_C' with ClassGeneratedBy '/Game/Levels/PWB_Level.PWB_Level:PersistentLevel.PWB_Level'
[2019.09.24-16.13.40:511][616]LogBlueprintUserMessages: Early EndPlayMap Detection: Level '/Game/Levels/PWB_Level.PWB_Level:PersistentLevel' has LevelScriptBlueprint '/Game/Levels/PWB_Level.PWB_Level:PersistentLevel.PWB_Level' with GeneratedClass '/Game/Levels/PWB_Level.PWB_Level_C' with ClassGeneratedBy '/Game/Levels/PWB_Level.PWB_Level:PersistentLevel.PWB_Level'
[2019.09.24-16.13.40:511][616]LogSlate: Updating window title bar state: overlay mode, drag disabled, window buttons hidden, title bar hidden
[2019.09.24-16.13.40:539][616]LogPlayLevel: Display: Shutting down PIE online subsystems
[2019.09.24-16.13.40:539][616]LogBlueprintUserMessages: Late EndPlayMap Detection: Level '/Game/Levels/PWB_Level.PWB_Level:PersistentLevel' has LevelScriptBlueprint '/Game/Levels/PWB_Level.PWB_Level:PersistentLevel.PWB_Level' with GeneratedClass '/Game/Levels/PWB_Level.PWB_Level_C' with ClassGeneratedBy '/Game/Levels/PWB_Level.PWB_Level:PersistentLevel.PWB_Level'
[2019.09.24-16.13.40:571][616]LogSlate: Updating window title bar state: overlay mode, drag disabled, window buttons hidden, title bar hidden
[2019.09.24-16.13.40:574][616]LogUObjectHash: Compacting FUObjectHashTables data took   2.39ms
[2019.09.24-16.13.40:614][620]LogPlayLevel: Display: Destroying online subsystem :Context_1
[2019.09.24-16.13.42:714][872]LogSlate: FSceneViewport::OnFocusLost() reason 0
[2019.09.24-16.13.42:840][882]LogUObjectHash: Compacting FUObjectHashTables data took   0.61ms
[2019.09.24-16.13.42:935][882]LogSavePackage: Moving '../../../../../../Users/ma226386/Documents/3727/Platformer/Sankey_PWB/Saved/PWB_LevelFF39538B45C918ECEA9AD2ADCBA4DB47.tmp' to '../../../../../../Users/ma226386/Documents/3727/Platformer/Sankey_PWB/Content/Levels/PWB_Level.umap'
[2019.09.24-16.13.42:951][882]Cmd: OBJ SAVEPACKAGE PACKAGE="/Game/Levels/PWB_Level_BuiltData" FILE="../../../../../../Users/ma226386/Documents/3727/Platformer/Sankey_PWB/Content/Levels/PWB_Level_BuiltData.uasset" SILENT=true
[2019.09.24-16.13.42:963][882]LogSavePackage: Moving '../../../../../../Users/ma226386/Documents/3727/Platformer/Sankey_PWB/Saved/PWB_Level_BuiltData921A0BDA4226EAFCB011599DB12152A5.tmp' to '../../../../../../Users/ma226386/Documents/3727/Platformer/Sankey_PWB/Content/Levels/PWB_Level_BuiltData.uasset'
[2019.09.24-16.13.49:277][633]LogUObjectHash: Compacting FUObjectHashTables data took   2.74ms
